Base path: C:/Program Files/Unity/Editor/Data
Pipe name: \\.\pipe\UnityShaderCompiler-1-124
Cmd: getPlatforms
Cmd: preprocess
  insize=4612 outsize=2425 ok=1
Cmd: compileSnippet
  api=4 type=0 insize=6052 outsize=3094 kw=DIRECTIONAL SHADOWS_OFF LIGHTMAP_OFF DIRLIGHTMAP_OFF ok=1
Cmd: compileSnippet
  api=4 type=1 insize=6052 outsize=2087 kw=DIRECTIONAL SHADOWS_OFF LIGHTMAP_OFF DIRLIGHTMAP_OFF ok=1
Cmd: compileSnippet
  api=4 type=0 insize=4023 outsize=3053 kw=POINT ok=1
Cmd: compileSnippet
  api=4 type=1 insize=4023 outsize=2598 kw=POINT ok=1
Cmd: compileSnippet
  api=4 type=0 insize=6055 outsize=3094 kw=DIRECTIONAL SHADOWS_OFF LIGHTMAP_OFF DIRLIGHTMAP_OFF ok=1
Cmd: compileSnippet
  api=4 type=1 insize=6055 outsize=2087 kw=DIRECTIONAL SHADOWS_OFF LIGHTMAP_OFF DIRLIGHTMAP_OFF ok=1
Cmd: compileSnippet
  api=4 type=0 insize=4025 outsize=3053 kw=POINT ok=1
Cmd: compileSnippet
  api=4 type=1 insize=4025 outsize=2598 kw=POINT ok=1
Cmd: preprocess
  insize=3124 outsize=1384 ok=1
Cmd: compileSnippet
  api=4 type=0 insize=6809 outsize=3208 kw=DIRECTIONAL SHADOWS_OFF LIGHTMAP_OFF DIRLIGHTMAP_OFF ok=1
Cmd: compileSnippet
  api=4 type=1 insize=6809 outsize=3492 kw=DIRECTIONAL SHADOWS_OFF LIGHTMAP_OFF DIRLIGHTMAP_OFF ok=1
Cmd: compileSnippet
  api=4 type=0 insize=4750 outsize=3167 kw=POINT ok=1
Cmd: compileSnippet
  api=4 type=1 insize=4750 outsize=4004 kw=POINT ok=1
Cmd: compileSnippet
  api=4 type=0 insize=4023 outsize=2338 kw=DIRECTIONAL ok=1
Cmd: compileSnippet
  api=4 type=1 insize=4023 outsize=2070 kw=DIRECTIONAL ok=1
Cmd: compileSnippet
  api=4 type=0 insize=4025 outsize=2338 kw=DIRECTIONAL ok=1
Cmd: compileSnippet
  api=4 type=1 insize=4025 outsize=2070 kw=DIRECTIONAL ok=1
Cmd: compileSnippet
  api=4 type=0 insize=4750 outsize=2452 kw=DIRECTIONAL ok=1
Cmd: compileSnippet
  api=4 type=1 insize=4750 outsize=3476 kw=DIRECTIONAL ok=1
Unhandled exception: Readfile from pipe failed. GLE=파이프가 끝났습니다.


Quitting shader compiler process
